1727299230430	geckodriver	INFO	Listening on 127.0.0.1:46489
1727299230954	mozrunner::runner	INFO	Running command: MOZ_CRASHREPORTER="1" MOZ_CRASHREPORTER_NO_REPORT="1" MOZ_CRASHREPORTER_SHUTDOWN="1" MOZ_NO_REMOTE="1" "/usr ... ss" "--remote-debugging-port" "42365" "--remote-allow-hosts" "localhost" "-no-remote" "-profile" "/tmp/rust_mozprofilev5rEDW"
*** You are running in headless mode.
console.warn: services.settings: Ignoring preference override of remote settings server
console.warn: services.settings: Allow by setting MOZ_REMOTE_SETTINGS_DEVTOOLS=1 in the environment
[GFX1-]: glxtest: libpci missing
[GFX1-]: glxtest: Unable to open a connection to the X server
[GFX1-]: No GPUs detected via PCI

1727299231357	Marionette	INFO	Marionette enabled
1727299231450	Marionette	INFO	Listening on port 38851
Read port: 38851
WebDriver BiDi listening on ws://127.0.0.1:42365
1727299231505	RemoteAgent	WARN	TLS certificate errors will be ignored for this session
[GFX1-]: RenderCompositorSWGL failed mapping default framebuffer, no dt
console.error: ({})
DevTools listening on ws://127.0.0.1:42365/devtools/browser/c1ee0c3b-4c34-47c0-b9df-945581cb6da0
console.error: (new TypeError("linkMap is undefined", "resource://gre/modules/NewTabUtils.sys.mjs", 2003))
console.warn: services.settings: Ignoring preference override of remote settings server
console.warn: services.settings: Allow by setting MOZ_REMOTE_SETTINGS_DEVTOOLS=1 in the environment
console.error: (new TypeError("lazy.AsyncShutdown.profileBeforeChange is undefined", "resource://services-settings/Database.sys.mjs", 599))
1727299251154	Marionette	INFO	Stopped listening on port 38851
1727299251803	geckodriver	INFO	Listening on 127.0.0.1:36995
1727299251827	mozrunner::runner	INFO	Running command: MOZ_CRASHREPORTER="1" MOZ_CRASHREPORTER_NO_REPORT="1" MOZ_CRASHREPORTER_SHUTDOWN="1" MOZ_NO_REMOTE="1" "/usr ... ss" "--remote-debugging-port" "44703" "--remote-allow-hosts" "localhost" "-no-remote" "-profile" "/tmp/rust_mozprofilexd7xm0"
*** You are running in headless mode.
console.warn: services.settings: Ignoring preference override of remote settings server
console.warn: services.settings: Allow by setting MOZ_REMOTE_SETTINGS_DEVTOOLS=1 in the environment
[GFX1-]: glxtest: libpci missing
[GFX1-]: glxtest: Unable to open a connection to the X server
[GFX1-]: No GPUs detected via PCI

1727299251995	Marionette	INFO	Marionette enabled
1727299252043	Marionette	INFO	Listening on port 33111
WebDriver BiDi listening on ws://127.0.0.1:44703
Read port: 33111
1727299252176	RemoteAgent	WARN	TLS certificate errors will be ignored for this session
[GFX1-]: RenderCompositorSWGL failed mapping default framebuffer, no dt
console.error: ({})
DevTools listening on ws://127.0.0.1:44703/devtools/browser/10371e9e-7ca3-45d9-babd-6fc205c9e694
console.warn: services.settings: Ignoring preference override of remote settings server
console.warn: services.settings: Allow by setting MOZ_REMOTE_SETTINGS_DEVTOOLS=1 in the environment
console.error: (new TypeError("lazy.AsyncShutdown.profileBeforeChange is undefined", "resource://services-settings/Database.sys.mjs", 599))
1727299271504	Marionette	INFO	Stopped listening on port 33111
1727299801624	geckodriver	INFO	Listening on 127.0.0.1:60405
1727299801647	mozrunner::runner	INFO	Running command: MOZ_CRASHREPORTER="1" MOZ_CRASHREPORTER_NO_REPORT="1" MOZ_CRASHREPORTER_SHUTDOWN="1" MOZ_NO_REMOTE="1" "/usr ... ss" "--remote-debugging-port" "46783" "--remote-allow-hosts" "localhost" "-no-remote" "-profile" "/tmp/rust_mozprofileMJoZ3b"
*** You are running in headless mode.
console.warn: services.settings: Ignoring preference override of remote settings server
console.warn: services.settings: Allow by setting MOZ_REMOTE_SETTINGS_DEVTOOLS=1 in the environment
[GFX1-]: glxtest: libpci missing
[GFX1-]: glxtest: Unable to open a connection to the X server
[GFX1-]: No GPUs detected via PCI

1727299801815	Marionette	INFO	Marionette enabled
1727299801861	Marionette	INFO	Listening on port 37013
WebDriver BiDi listening on ws://127.0.0.1:46783
Read port: 37013
1727299801994	RemoteAgent	WARN	TLS certificate errors will be ignored for this session
[GFX1-]: RenderCompositorSWGL failed mapping default framebuffer, no dt
console.error: ({})
DevTools listening on ws://127.0.0.1:46783/devtools/browser/6d3ca0a7-d035-4906-a3ff-7e1c74e665cd
console.warn: services.settings: Ignoring preference override of remote settings server
console.warn: services.settings: Allow by setting MOZ_REMOTE_SETTINGS_DEVTOOLS=1 in the environment
console.error: (new TypeError("lazy.AsyncShutdown.profileBeforeChange is undefined", "resource://services-settings/Database.sys.mjs", 599))
1727299819669	Marionette	INFO	Stopped listening on port 37013
1727299820311	geckodriver	INFO	Listening on 127.0.0.1:41201
1727299820335	mozrunner::runner	INFO	Running command: MOZ_CRASHREPORTER="1" MOZ_CRASHREPORTER_NO_REPORT="1" MOZ_CRASHREPORTER_SHUTDOWN="1" MOZ_NO_REMOTE="1" "/usr ... ss" "--remote-debugging-port" "34761" "--remote-allow-hosts" "localhost" "-no-remote" "-profile" "/tmp/rust_mozprofilelathIw"
*** You are running in headless mode.
console.warn: services.settings: Ignoring preference override of remote settings server
console.warn: services.settings: Allow by setting MOZ_REMOTE_SETTINGS_DEVTOOLS=1 in the environment
[GFX1-]: glxtest: libpci missing
[GFX1-]: glxtest: Unable to open a connection to the X server
[GFX1-]: No GPUs detected via PCI

1727299820500	Marionette	INFO	Marionette enabled
1727299820548	Marionette	INFO	Listening on port 44645
WebDriver BiDi listening on ws://127.0.0.1:34761
Read port: 44645
1727299820679	RemoteAgent	WARN	TLS certificate errors will be ignored for this session
[GFX1-]: RenderCompositorSWGL failed mapping default framebuffer, no dt
console.error: ({})
DevTools listening on ws://127.0.0.1:34761/devtools/browser/0a690673-7b52-455e-9683-0f66bbeec70e
console.warn: services.settings: Ignoring preference override of remote settings server
console.warn: services.settings: Allow by setting MOZ_REMOTE_SETTINGS_DEVTOOLS=1 in the environment
console.error: (new TypeError("lazy.AsyncShutdown.profileBeforeChange is undefined", "resource://services-settings/Database.sys.mjs", 599))
1727299836916	Marionette	INFO	Stopped listening on port 44645
1727300320176	geckodriver	INFO	Listening on 127.0.0.1:43789
1727300320199	mozrunner::runner	INFO	Running command: MOZ_CRASHREPORTER="1" MOZ_CRASHREPORTER_NO_REPORT="1" MOZ_CRASHREPORTER_SHUTDOWN="1" MOZ_NO_REMOTE="1" "/usr ... ss" "--remote-debugging-port" "45057" "--remote-allow-hosts" "localhost" "-no-remote" "-profile" "/tmp/rust_mozprofilekC47PX"
*** You are running in headless mode.
console.warn: services.settings: Ignoring preference override of remote settings server
console.warn: services.settings: Allow by setting MOZ_REMOTE_SETTINGS_DEVTOOLS=1 in the environment
[GFX1-]: glxtest: libpci missing
[GFX1-]: glxtest: Unable to open a connection to the X server
[GFX1-]: No GPUs detected via PCI

1727300320364	Marionette	INFO	Marionette enabled
1727300320410	Marionette	INFO	Listening on port 41403
WebDriver BiDi listening on ws://127.0.0.1:45057
Read port: 41403
1727300320540	RemoteAgent	WARN	TLS certificate errors will be ignored for this session
[GFX1-]: RenderCompositorSWGL failed mapping default framebuffer, no dt
console.error: ({})
DevTools listening on ws://127.0.0.1:45057/devtools/browser/9a048979-2808-4525-b7b7-bb77fd810829
console.error: (new TypeError("linkMap is undefined", "resource://gre/modules/NewTabUtils.sys.mjs", 2003))
console.warn: services.settings: Ignoring preference override of remote settings server
console.warn: services.settings: Allow by setting MOZ_REMOTE_SETTINGS_DEVTOOLS=1 in the environment
console.error: (new TypeError("lazy.AsyncShutdown.profileBeforeChange is undefined", "resource://services-settings/Database.sys.mjs", 599))
1727300341046	Marionette	INFO	Stopped listening on port 41403
1727300341677	geckodriver	INFO	Listening on 127.0.0.1:43631
1727300341701	mozrunner::runner	INFO	Running command: MOZ_CRASHREPORTER="1" MOZ_CRASHREPORTER_NO_REPORT="1" MOZ_CRASHREPORTER_SHUTDOWN="1" MOZ_NO_REMOTE="1" "/usr ... ss" "--remote-debugging-port" "54963" "--remote-allow-hosts" "localhost" "-no-remote" "-profile" "/tmp/rust_mozprofilesy7dGR"
*** You are running in headless mode.
console.warn: services.settings: Ignoring preference override of remote settings server
console.warn: services.settings: Allow by setting MOZ_REMOTE_SETTINGS_DEVTOOLS=1 in the environment
[GFX1-]: glxtest: libpci missing
[GFX1-]: glxtest: Unable to open a connection to the X server
[GFX1-]: No GPUs detected via PCI

1727300341870	Marionette	INFO	Marionette enabled
1727300341917	Marionette	INFO	Listening on port 35219
WebDriver BiDi listening on ws://127.0.0.1:54963
Read port: 35219
1727300342051	RemoteAgent	WARN	TLS certificate errors will be ignored for this session
[GFX1-]: RenderCompositorSWGL failed mapping default framebuffer, no dt
console.error: ({})
DevTools listening on ws://127.0.0.1:54963/devtools/browser/90c22d25-e1e7-486e-b39c-fced3784650d
console.warn: services.settings: Ignoring preference override of remote settings server
console.warn: services.settings: Allow by setting MOZ_REMOTE_SETTINGS_DEVTOOLS=1 in the environment
console.error: (new TypeError("lazy.AsyncShutdown.profileBeforeChange is undefined", "resource://services-settings/Database.sys.mjs", 599))
1727300364195	Marionette	INFO	Stopped listening on port 35219
1727300701557	geckodriver	INFO	Listening on 127.0.0.1:38215
1727300701581	mozrunner::runner	INFO	Running command: MOZ_CRASHREPORTER="1" MOZ_CRASHREPORTER_NO_REPORT="1" MOZ_CRASHREPORTER_SHUTDOWN="1" MOZ_NO_REMOTE="1" "/usr ... ss" "--remote-debugging-port" "34041" "--remote-allow-hosts" "localhost" "-no-remote" "-profile" "/tmp/rust_mozprofileBYaLZ7"
*** You are running in headless mode.
console.warn: services.settings: Ignoring preference override of remote settings server
console.warn: services.settings: Allow by setting MOZ_REMOTE_SETTINGS_DEVTOOLS=1 in the environment
[GFX1-]: glxtest: libpci missing
[GFX1-]: glxtest: Unable to open a connection to the X server
[GFX1-]: No GPUs detected via PCI

1727300701747	Marionette	INFO	Marionette enabled
1727300701794	Marionette	INFO	Listening on port 38629
WebDriver BiDi listening on ws://127.0.0.1:34041
Read port: 38629
1727300701925	RemoteAgent	WARN	TLS certificate errors will be ignored for this session
[GFX1-]: RenderCompositorSWGL failed mapping default framebuffer, no dt
console.error: ({})
DevTools listening on ws://127.0.0.1:34041/devtools/browser/9be40be2-784d-4a4b-9e3b-6252ccac2ac0
console.warn: services.settings: Ignoring preference override of remote settings server
console.warn: services.settings: Allow by setting MOZ_REMOTE_SETTINGS_DEVTOOLS=1 in the environment
console.error: (new TypeError("lazy.AsyncShutdown.profileBeforeChange is undefined", "resource://services-settings/Database.sys.mjs", 599))
1727300717832	Marionette	INFO	Stopped listening on port 38629
1727300718446	geckodriver	INFO	Listening on 127.0.0.1:58789
1727300718470	mozrunner::runner	INFO	Running command: MOZ_CRASHREPORTER="1" MOZ_CRASHREPORTER_NO_REPORT="1" MOZ_CRASHREPORTER_SHUTDOWN="1" MOZ_NO_REMOTE="1" "/usr ... ss" "--remote-debugging-port" "33243" "--remote-allow-hosts" "localhost" "-no-remote" "-profile" "/tmp/rust_mozprofileO7p1PL"
*** You are running in headless mode.
console.warn: services.settings: Ignoring preference override of remote settings server
console.warn: services.settings: Allow by setting MOZ_REMOTE_SETTINGS_DEVTOOLS=1 in the environment
[GFX1-]: glxtest: libpci missing
[GFX1-]: glxtest: Unable to open a connection to the X server
[GFX1-]: No GPUs detected via PCI

1727300718636	Marionette	INFO	Marionette enabled
1727300718683	Marionette	INFO	Listening on port 43059
WebDriver BiDi listening on ws://127.0.0.1:33243
Read port: 43059
1727300718815	RemoteAgent	WARN	TLS certificate errors will be ignored for this session
[GFX1-]: RenderCompositorSWGL failed mapping default framebuffer, no dt
console.error: ({})
DevTools listening on ws://127.0.0.1:33243/devtools/browser/0d1d47c1-5c91-4124-9c7e-cb2835b5875c
console.warn: services.settings: Ignoring preference override of remote settings server
console.warn: services.settings: Allow by setting MOZ_REMOTE_SETTINGS_DEVTOOLS=1 in the environment
console.error: (new TypeError("lazy.AsyncShutdown.profileBeforeChange is undefined", "resource://services-settings/Database.sys.mjs", 599))
1727300740971	Marionette	INFO	Stopped listening on port 43059
